2014/08/31 22:51:39 [error] [php] include(YumWebUser.php): failed to open stream: No such file or directory (/var/www/html/agile/framework/YiiBase.php:421)
Stack trace:
#0 /var/www/html/agile/framework/YiiBase.php(217): spl_autoload_call()
#1 /var/www/html/agile/framework/base/CModule.php(386): createComponent()
#2 /var/www/html/agile/framework/base/CModule.php(103): CWebApplication->getComponent()
#3 /var/www/html/agile/gfyii/protected/components/ApplicationBehavior.php(17): CWebApplication->__get()
#4 /var/www/html/agile/framework/base/CComponent.php(558): ApplicationBehavior->denyEverything()
#5 /var/www/html/agile/framework/base/CApplication.php(196): CWebApplication->raiseEvent()
#6 /var/www/html/agile/framework/base/CApplication.php(167): CWebApplication->onBeginRequest()
#7 /var/www/html/agile/gfyii/index.php(16): CWebApplication->run()
REQUEST_URI=/agile/gfyii/
in /var/www/html/agile/gfyii/protected/components/ApplicationBehavior.php (17)
in /var/www/html/agile/gfyii/index.php (16)
2014/08/31 22:51:39 [error] [php] include(YumWebUser.php): failed to open stream: No such file or directory (/var/www/html/agile/framework/YiiBase.php:421)
Stack trace:
#0 /var/www/html/agile/framework/YiiBase.php(217): spl_autoload_call()
#1 /var/www/html/agile/framework/base/CModule.php(386): createComponent()
#2 /var/www/html/agile/framework/base/CModule.php(103): CWebApplication->getComponent()
#3 /var/www/html/agile/gfyii/protected/components/ApplicationBehavior.php(17): CWebApplication->__get()
#4 /var/www/html/agile/framework/base/CComponent.php(558): ApplicationBehavior->denyEverything()
#5 /var/www/html/agile/framework/base/CApplication.php(196): CWebApplication->raiseEvent()
#6 /var/www/html/agile/framework/base/CApplication.php(167): CWebApplication->onBeginRequest()
#7 /var/www/html/agile/gfyii/index.php(16): CWebApplication->run()
REQUEST_URI=/agile/gfyii/
in /var/www/html/agile/gfyii/protected/components/ApplicationBehavior.php (17)
in /var/www/html/agile/gfyii/index.php (16)
2014/08/31 22:51:40 [error] [php] include(YumWebUser.php): failed to open stream: No such file or directory (/var/www/html/agile/framework/YiiBase.php:421)
Stack trace:
#0 /var/www/html/agile/framework/YiiBase.php(217): spl_autoload_call()
#1 /var/www/html/agile/framework/base/CModule.php(386): createComponent()
#2 /var/www/html/agile/framework/base/CModule.php(103): CWebApplication->getComponent()
#3 /var/www/html/agile/gfyii/protected/components/ApplicationBehavior.php(17): CWebApplication->__get()
#4 /var/www/html/agile/framework/base/CComponent.php(558): ApplicationBehavior->denyEverything()
#5 /var/www/html/agile/framework/base/CApplication.php(196): CWebApplication->raiseEvent()
#6 /var/www/html/agile/framework/base/CApplication.php(167): CWebApplication->onBeginRequest()
#7 /var/www/html/agile/gfyii/index.php(16): CWebApplication->run()
REQUEST_URI=/agile/gfyii/
in /var/www/html/agile/gfyii/protected/components/ApplicationBehavior.php (17)
in /var/www/html/agile/gfyii/index.php (16)
2014/08/31 22:52:30 [error] [php] include(YumWebUser.php): failed to open stream: No such file or directory (/var/www/html/agile/framework/YiiBase.php:421)
Stack trace:
#0 /var/www/html/agile/framework/YiiBase.php(217): spl_autoload_call()
#1 /var/www/html/agile/framework/base/CModule.php(386): createComponent()
#2 /var/www/html/agile/framework/base/CModule.php(103): CWebApplication->getComponent()
#3 /var/www/html/agile/gfyii/protected/components/ApplicationBehavior.php(17): CWebApplication->__get()
#4 /var/www/html/agile/framework/base/CComponent.php(558): ApplicationBehavior->denyEverything()
#5 /var/www/html/agile/framework/base/CApplication.php(196): CWebApplication->raiseEvent()
#6 /var/www/html/agile/framework/base/CApplication.php(167): CWebApplication->onBeginRequest()
#7 /var/www/html/agile/gfyii/index.php(16): CWebApplication->run()
REQUEST_URI=/agile/gfyii/
in /var/www/html/agile/gfyii/protected/components/ApplicationBehavior.php (17)
in /var/www/html/agile/gfyii/index.php (16)
2014/08/31 22:52:32 [error] [php] include(YumWebUser.php): failed to open stream: No such file or directory (/var/www/html/agile/framework/YiiBase.php:421)
Stack trace:
#0 /var/www/html/agile/framework/YiiBase.php(217): spl_autoload_call()
#1 /var/www/html/agile/framework/base/CModule.php(386): createComponent()
#2 /var/www/html/agile/framework/base/CModule.php(103): CWebApplication->getComponent()
#3 /var/www/html/agile/gfyii/protected/components/ApplicationBehavior.php(17): CWebApplication->__get()
#4 /var/www/html/agile/framework/base/CComponent.php(558): ApplicationBehavior->denyEverything()
#5 /var/www/html/agile/framework/base/CApplication.php(196): CWebApplication->raiseEvent()
#6 /var/www/html/agile/framework/base/CApplication.php(167): CWebApplication->onBeginRequest()
#7 /var/www/html/agile/gfyii/index.php(16): CWebApplication->run()
REQUEST_URI=/agile/gfyii/
in /var/www/html/agile/gfyii/protected/components/ApplicationBehavior.php (17)
in /var/www/html/agile/gfyii/index.php (16)
2014/08/31 22:52:32 [error] [php] include(YumWebUser.php): failed to open stream: No such file or directory (/var/www/html/agile/framework/YiiBase.php:421)
Stack trace:
#0 /var/www/html/agile/framework/YiiBase.php(217): spl_autoload_call()
#1 /var/www/html/agile/framework/base/CModule.php(386): createComponent()
#2 /var/www/html/agile/framework/base/CModule.php(103): CWebApplication->getComponent()
#3 /var/www/html/agile/gfyii/protected/components/ApplicationBehavior.php(17): CWebApplication->__get()
#4 /var/www/html/agile/framework/base/CComponent.php(558): ApplicationBehavior->denyEverything()
#5 /var/www/html/agile/framework/base/CApplication.php(196): CWebApplication->raiseEvent()
#6 /var/www/html/agile/framework/base/CApplication.php(167): CWebApplication->onBeginRequest()
#7 /var/www/html/agile/gfyii/index.php(16): CWebApplication->run()
REQUEST_URI=/agile/gfyii/
in /var/www/html/agile/gfyii/protected/components/ApplicationBehavior.php (17)
in /var/www/html/agile/gfyii/index.php (16)
2014/08/31 22:52:32 [error] [php] include(YumWebUser.php): failed to open stream: No such file or directory (/var/www/html/agile/framework/YiiBase.php:421)
Stack trace:
#0 /var/www/html/agile/framework/YiiBase.php(217): spl_autoload_call()
#1 /var/www/html/agile/framework/base/CModule.php(386): createComponent()
#2 /var/www/html/agile/framework/base/CModule.php(103): CWebApplication->getComponent()
#3 /var/www/html/agile/gfyii/protected/components/ApplicationBehavior.php(17): CWebApplication->__get()
#4 /var/www/html/agile/framework/base/CComponent.php(558): ApplicationBehavior->denyEverything()
#5 /var/www/html/agile/framework/base/CApplication.php(196): CWebApplication->raiseEvent()
#6 /var/www/html/agile/framework/base/CApplication.php(167): CWebApplication->onBeginRequest()
#7 /var/www/html/agile/gfyii/index.php(16): CWebApplication->run()
REQUEST_URI=/agile/gfyii/
in /var/www/html/agile/gfyii/protected/components/ApplicationBehavior.php (17)
in /var/www/html/agile/gfyii/index.php (16)
2014/08/31 22:55:07 [error] [exception.CDbException] exception 'CDbException' with message 'CDbConnection failed to open the DB connection: SQLSTATE[42000] [1049] Unknown database 'gfyii'' in /var/www/html/agile/framework/db/CDbConnection.php:381
Stack trace:
#0 /var/www/html/agile/framework/db/CDbConnection.php(330): CDbConnection->open()
#1 /var/www/html/agile/framework/db/CDbConnection.php(308): CDbConnection->setActive(true)
#2 /var/www/html/agile/framework/base/CModule.php(387): CDbConnection->init()
#3 /var/www/html/agile/framework/base/CModule.php(103): CModule->getComponent('db')
#4 /var/www/html/agile/gfyii/protected/modules/user/models/Yum.php(126): CModule->__get('db')
#5 /var/www/html/agile/gfyii/protected/modules/user/views/user/login.php(7): Yum::t('Login')
#6 /var/www/html/agile/framework/web/CBaseController.php(126): require('/var/www/html/a...')
#7 /var/www/html/agile/framework/web/CBaseController.php(95): CBaseController->renderInternal('/var/www/html/a...', Array, true)
#8 /var/www/html/agile/framework/web/CController.php(869): CBaseController->renderFile('/var/www/html/a...', Array, true)
#9 /var/www/html/agile/framework/web/CController.php(782): CController->renderPartial('/user/login', Array, true)
#10 /var/www/html/agile/gfyii/protected/modules/user/controllers/YumAuthController.php(318): CController->render('/user/login', Array)
#11 /var/www/html/agile/framework/web/actions/CInlineAction.php(49): YumAuthController->actionLogin()
#12 /var/www/html/agile/framework/web/CController.php(308): CInlineAction->runWithParams(Array)
#13 /var/www/html/agile/framework/web/filters/CFilterChain.php(133): CController->runAction(Object(CInlineAction))
#14 /var/www/html/agile/framework/web/filters/CFilter.php(40): CFilterChain->run()
#15 /var/www/html/agile/framework/web/CController.php(1145): CFilter->filter(Object(CFilterChain))
#16 /var/www/html/agile/framework/web/filters/CInlineFilter.php(58): CController->filterAccessControl(Object(CFilterChain))
#17 /var/www/html/agile/framework/web/filters/CFilterChain.php(130): CInlineFilter->filter(Object(CFilterChain))
#18 /var/www/html/agile/framework/web/CController.php(291): CFilterChain->run()
#19 /var/www/html/agile/framework/web/CController.php(265): CController->runActionWithFilters(Object(CInlineAction), Array)
#20 /var/www/html/agile/framework/web/CWebApplication.php(282): CController->run('')
#21 /var/www/html/agile/framework/web/CWebApplication.php(141): CWebApplication->runController('user/auth')
#22 /var/www/html/agile/framework/base/CApplication.php(169): CWebApplication->processRequest()
#23 /var/www/html/agile/gfyii/index.php(16): CApplication->run()
#24 {main}
REQUEST_URI=/agile/gfyii/
---
